<?xml version="1.0" encoding="UTF-8"?>
<testsuite xmlns:xsi="http://www.w3.org/2001/XMLSchema-instance" xsi:noNamespaceSchemaLocation="https://maven.apache.org/surefire/maven-surefire-plugin/xsd/surefire-test-report-3.0.xsd" version="3.0" name="ch.imndb.spring.tour.socialconnector.SocialConnectorApplicationTests" time="10.297" tests="1" errors="0" skipped="0" failures="0">
  <properties>
[...]
</properties>
  <testcase name="contextLoads" classname="ch.imndb.spring.tour.socialconnector.SocialConnectorApplicationTests" time="1.06">
    <system-out><![CDATA[13:38:16.519 [main] INFO org.springframework.test.context.support.AnnotationConfigContextLoaderUtils -- Could not detect default configuration classes for test class [ch.imndb.spring.tour.socialconnector.SocialConnectorApplicationTests]: SocialConnectorApplicationTests does not declare any static, non-private, non-final, nested classes annotated with @Configuration.
13:38:16.717 [main] INFO org.springframework.boot.test.context.SpringBootTestContextBootstrapper -- Found @SpringBootConfiguration ch.imndb.spring.tour.socialconnector.SocialConnectorApplication for test class ch.imndb.spring.tour.socialconnector.SocialConnectorApplicationTests

  .   ____          _            __ _ _
 /\\ / ___'_ __ _ _(_)_ __  __ _ \ \ \ \
( ( )\___ | '_ | '_| | '_ \/ _` | \ \ \ \
 \\/  ___)| |_)| | | | | || (_| |  ) ) ) )
  '  |____| .__|_| |_|_| |_\__, | / / / /
 =========|_|==============|___/=/_/_/_/
 :: Spring Boot ::                (v3.1.4)

2023-10-10T13:38:17.728+02:00  INFO 2922 --- [           main] .i.s.t.s.SocialConnectorApplicationTests : Starting SocialConnectorApplicationTests using Java 17.0.7 with PID 2922 (started by imnd in /Users/imnd/IdeaProjects/spring-social-connector)
2023-10-10T13:38:17.732+02:00  INFO 2922 --- [           main] .i.s.t.s.SocialConnectorApplicationTests : No active profile set, falling back to 1 default profile: "default"
2023-10-10T13:38:19.855+02:00  INFO 2922 --- [           main] .s.d.r.c.RepositoryConfigurationDelegate : Bootstrapping Spring Data JPA repositories in DEFAULT mode.
2023-10-10T13:38:19.886+02:00  INFO 2922 --- [           main] .s.d.r.c.RepositoryConfigurationDelegate : Finished Spring Data repository scanning in 19 ms. Found 0 JPA repository interfaces.
2023-10-10T13:38:20.425+02:00  INFO 2922 --- [           main] o.s.cloud.context.scope.GenericScope     : BeanFactory id=e101764c-3d4d-3da6-9423-5eb28259c30a
2023-10-10T13:38:21.073+02:00  INFO 2922 --- [           main] com.zaxxer.hikari.HikariDataSource       : HikariPool-1 - Starting...
2023-10-10T13:38:21.490+02:00  INFO 2922 --- [           main] com.zaxxer.hikari.pool.HikariPool        : HikariPool-1 - Added connection conn0: url=jdbc:h2:mem:4bbf195c-ae15-42bb-92e6-40ecd76248ca user=SA
2023-10-10T13:38:21.492+02:00  INFO 2922 --- [           main] com.zaxxer.hikari.HikariDataSource       : HikariPool-1 - Start completed.
2023-10-10T13:38:21.733+02:00  INFO 2922 --- [           main] o.hibernate.jpa.internal.util.LogHelper  : HHH000204: Processing PersistenceUnitInfo [name: default]
2023-10-10T13:38:21.871+02:00  INFO 2922 --- [           main] org.hibernate.Version                    : HHH000412: Hibernate ORM core version 6.2.9.Final
2023-10-10T13:38:21.877+02:00  INFO 2922 --- [           main] org.hibernate.cfg.Environment            : HHH000406: Using bytecode reflection optimizer
2023-10-10T13:38:22.164+02:00  INFO 2922 --- [           main] o.h.b.i.BytecodeProviderInitiator        : HHH000021: Bytecode provider name : bytebuddy
2023-10-10T13:38:22.447+02:00  INFO 2922 --- [           main] o.s.o.j.p.SpringPersistenceUnitInfo      : No LoadTimeWeaver setup: ignoring JPA class transformer
2023-10-10T13:38:22.661+02:00  INFO 2922 --- [           main] o.h.b.i.BytecodeProviderInitiator        : HHH000021: Bytecode provider name : bytebuddy
2023-10-10T13:38:23.023+02:00  INFO 2922 --- [           main] o.h.e.t.j.p.i.JtaPlatformInitiator       : HHH000490: Using JtaPlatform implementation: [org.hibernate.engine.transaction.jta.platform.internal.NoJtaPlatform]
2023-10-10T13:38:23.029+02:00  INFO 2922 --- [           main] j.LocalContainerEntityManagerFactoryBean : Initialized JPA EntityManagerFactory for persistence unit 'default'
2023-10-10T13:38:23.380+02:00  WARN 2922 --- [           main] JpaBaseConfiguration$JpaWebConfiguration : spring.jpa.open-in-view is enabled by default. Therefore, database queries may be performed during view rendering. Explicitly configure spring.jpa.open-in-view to disable this warning
2023-10-10T13:38:25.088+02:00  INFO 2922 --- [           main] o.s.b.a.e.web.EndpointLinksResolver      : Exposing 1 endpoint(s) beneath base path '/actuator'
2023-10-10T13:38:25.188+02:00  INFO 2922 --- [           main] .i.s.t.s.SocialConnectorApplicationTests : Started SocialConnectorApplicationTests in 8.058 seconds (process running for 10.029)
]]></system-out>
  </testcase>
</testsuite>